{"total": {"lines":{"total":123,"covered":87,"skipped":0,"pct":70.73},"statements":{"total":142,"covered":98,"skipped":0,"pct":69.01},"functions":{"total":46,"covered":28,"skipped":0,"pct":60.86},"branches":{"total":25,"covered":16,"skipped":0,"pct":64},"branchesTrue":{"total":0,"covered":0,"skipped":0,"pct":100}}
,"/home/amandarodrigues/Documentos/trybe/projetos/frontend/trybe-wallet/sd-030-a-project-trybewallet/src/App.js": {"lines":{"total":1,"covered":1,"skipped":0,"pct":100},"functions":{"total":1,"covered":1,"skipped":0,"pct":100},"statements":{"total":1,"covered":1,"skipped":0,"pct":100},"branches":{"total":0,"covered":0,"skipped":0,"pct":100}}
,"/home/amandarodrigues/Documentos/trybe/projetos/frontend/trybe-wallet/sd-030-a-project-trybewallet/src/components/Header.js": {"lines":{"total":3,"covered":3,"skipped":0,"pct":100},"functions":{"total":1,"covered":1,"skipped":0,"pct":100},"statements":{"total":3,"covered":3,"skipped":0,"pct":100},"branches":{"total":0,"covered":0,"skipped":0,"pct":100}}
,"/home/amandarodrigues/Documentos/trybe/projetos/frontend/trybe-wallet/sd-030-a-project-trybewallet/src/components/Table.js": {"lines":{"total":32,"covered":21,"skipped":0,"pct":65.62},"functions":{"total":10,"covered":7,"skipped":0,"pct":70},"statements":{"total":34,"covered":23,"skipped":0,"pct":67.64},"branches":{"total":8,"covered":5,"skipped":0,"pct":62.5}}
,"/home/amandarodrigues/Documentos/trybe/projetos/frontend/trybe-wallet/sd-030-a-project-trybewallet/src/components/WalletForm.js": {"lines":{"total":20,"covered":9,"skipped":0,"pct":45},"functions":{"total":6,"covered":2,"skipped":0,"pct":33.33},"statements":{"total":22,"covered":10,"skipped":0,"pct":45.45},"branches":{"total":2,"covered":1,"skipped":0,"pct":50}}
,"/home/amandarodrigues/Documentos/trybe/projetos/frontend/trybe-wallet/sd-030-a-project-trybewallet/src/pages/Login.js": {"lines":{"total":21,"covered":21,"skipped":0,"pct":100},"functions":{"total":6,"covered":6,"skipped":0,"pct":100},"statements":{"total":23,"covered":23,"skipped":0,"pct":100},"branches":{"total":0,"covered":0,"skipped":0,"pct":100}}
,"/home/amandarodrigues/Documentos/trybe/projetos/frontend/trybe-wallet/sd-030-a-project-trybewallet/src/pages/Wallet.js": {"lines":{"total":6,"covered":6,"skipped":0,"pct":100},"functions":{"total":3,"covered":3,"skipped":0,"pct":100},"statements":{"total":7,"covered":7,"skipped":0,"pct":100},"branches":{"total":2,"covered":2,"skipped":0,"pct":100}}
,"/home/amandarodrigues/Documentos/trybe/projetos/frontend/trybe-wallet/sd-030-a-project-trybewallet/src/redux/actions/index.js": {"lines":{"total":20,"covered":13,"skipped":0,"pct":65},"functions":{"total":16,"covered":6,"skipped":0,"pct":37.5},"statements":{"total":32,"covered":18,"skipped":0,"pct":56.25},"branches":{"total":0,"covered":0,"skipped":0,"pct":100}}
,"/home/amandarodrigues/Documentos/trybe/projetos/frontend/trybe-wallet/sd-030-a-project-trybewallet/src/redux/reducers/index.js": {"lines":{"total":1,"covered":1,"skipped":0,"pct":100},"functions":{"total":0,"covered":0,"skipped":0,"pct":100},"statements":{"total":1,"covered":1,"skipped":0,"pct":100},"branches":{"total":0,"covered":0,"skipped":0,"pct":100}}
,"/home/amandarodrigues/Documentos/trybe/projetos/frontend/trybe-wallet/sd-030-a-project-trybewallet/src/redux/reducers/user.js": {"lines":{"total":5,"covered":5,"skipped":0,"pct":100},"functions":{"total":1,"covered":1,"skipped":0,"pct":100},"statements":{"total":5,"covered":5,"skipped":0,"pct":100},"branches":{"total":3,"covered":3,"skipped":0,"pct":100}}
,"/home/amandarodrigues/Documentos/trybe/projetos/frontend/trybe-wallet/sd-030-a-project-trybewallet/src/redux/reducers/wallet.js": {"lines":{"total":14,"covered":7,"skipped":0,"pct":50},"functions":{"total":2,"covered":1,"skipped":0,"pct":50},"statements":{"total":14,"covered":7,"skipped":0,"pct":50},"branches":{"total":10,"covered":5,"skipped":0,"pct":50}}
}
